[Fri Jul 07 2017 15:30:15 GMT+0800 (中国标准时间)] /api/check
Error: Not Found
    at d:\work\study\node-vue-example\server\index.js:56:13
    at Layer.handle [as handle_request] (d:\work\study\node-vue-example\node_modules\express\lib\router\layer.js:95:5)
    at trim_prefix (d:\work\study\node-vue-example\node_modules\express\lib\router\index.js:317:13)
    at d:\work\study\node-vue-example\node_modules\express\lib\router\index.js:284:7
    at Function.process_params (d:\work\study\node-vue-example\node_modules\express\lib\router\index.js:335:12)
    at next (d:\work\study\node-vue-example\node_modules\express\lib\router\index.js:275:10)
    at SendStream.error (d:\work\study\node-vue-example\node_modules\serve-static\index.js:121:7)
    at emitOne (events.js:96:13)
    at SendStream.emit (events.js:188:7)
    at SendStream.error (d:\work\study\node-vue-example\node_modules\send\index.js:282:17)
[Fri Jul 07 2017 15:31:30 GMT+0800 (中国标准时间)] /api/check
Error: Not Found
    at d:\work\study\node-vue-example\server\index.js:56:13
    at Layer.handle [as handle_request] (d:\work\study\node-vue-example\node_modules\express\lib\router\layer.js:95:5)
    at trim_prefix (d:\work\study\node-vue-example\node_modules\express\lib\router\index.js:317:13)
    at d:\work\study\node-vue-example\node_modules\express\lib\router\index.js:284:7
    at Function.process_params (d:\work\study\node-vue-example\node_modules\express\lib\router\index.js:335:12)
    at next (d:\work\study\node-vue-example\node_modules\express\lib\router\index.js:275:10)
    at SendStream.error (d:\work\study\node-vue-example\node_modules\serve-static\index.js:121:7)
    at emitOne (events.js:96:13)
    at SendStream.emit (events.js:188:7)
    at SendStream.error (d:\work\study\node-vue-example\node_modules\send\index.js:282:17)
